[0m[[0m[0mdebug[0m] [0m[0mRunning TaskDef(I2S_Periph_spec, org.scalatest.tools.Framework$$anon$1@7cbea851, false, [SuiteSelector])[0m
[0m[[0m[0minfo[0m] [0m[0m[32mI2S_Periph_spec:[0m[0m
[0m[[0m[0minfo[0m] [0m[0m[32minterVox_Encoder[0m[0m
[0m[[0m[0minfo[0m] [0m[0m[31m- should pass *** FAILED ***[0m[0m
[0m[[0m[0minfo[0m] [0m[0m[31m  java.lang.IllegalArgumentException: requirement failed: Currently only single clock circuits are supported![0m[0m
[0m[[0m[0minfo[0m] [0m[0m[31m  at scala.Predef$.require(Predef.scala:281)[0m[0m
[0m[[0m[0minfo[0m] [0m[0m[31m  at chiseltest.simulator.TreadleContext.<init>(TreadleSimulator.scala:63)[0m[0m
[0m[[0m[0minfo[0m] [0m[0m[31m  at chiseltest.simulator.TreadleSimulator$.createContext(TreadleSimulator.scala:47)[0m[0m
[0m[[0m[0minfo[0m] [0m[0m[31m  at chiseltest.internal.BackendExecutive$.start(BackendExecutive.scala:36)[0m[0m
[0m[[0m[0minfo[0m] [0m[0m[31m  at chiseltest.defaults.package$.createDefaultTester(defaults.scala:21)[0m[0m
[0m[[0m[0minfo[0m] [0m[0m[31m  at chiseltest.ChiselScalatestTester$TestBuilder.apply(ChiselScalatestTester.scala:31)[0m[0m
[0m[[0m[0minfo[0m] [0m[0m[31m  at I2S_Periph_spec.$anonfun$new$1(intervox_transmitterSpec.scala:13)[0m[0m
[0m[[0m[0minfo[0m] [0m[0m[31m  at org.scalatest.OutcomeOf.outcomeOf(OutcomeOf.scala:85)[0m[0m
[0m[[0m[0minfo[0m] [0m[0m[31m  at org.scalatest.OutcomeOf.outcomeOf$(OutcomeOf.scala:83)[0m[0m
[0m[[0m[0minfo[0m] [0m[0m[31m  at org.scalatest.OutcomeOf$.outcomeOf(OutcomeOf.scala:104)[0m[0m
[0m[[0m[0minfo[0m] [0m[0m[31m  ...[0m[0m
[0m[[0m[0minfo[0m] [0m[0m[36mRun completed in 1 second, 875 milliseconds.[0m[0m
[0m[[0m[0minfo[0m] [0m[0m[36mTotal number of tests run: 1[0m[0m
[0m[[0m[0minfo[0m] [0m[0m[36mSuites: completed 1, aborted 0[0m[0m
[0m[[0m[0minfo[0m] [0m[0m[36mTests: succeeded 0, failed 1, canceled 0, ignored 0, pending 0[0m[0m
[0m[[0m[0minfo[0m] [0m[0m[31m*** 1 TEST FAILED ***[0m[0m
[0m[[0m[31merror[0m] [0m[0mFailed tests:[0m
[0m[[0m[31merror[0m] [0m[0m	I2S_Periph_spec[0m
[0m[[0m[31merror[0m] [0m[0m(Test / [31mtest[0m) sbt.TestsFailedException: Tests unsuccessful[0m
